0 1 1
1 1 2
0 1 2
0 0 1
0 1 0
0 0 1
0 0 0
0 0 0
0 0 0
34921323 273 46949715
197960787 1281 261252202
69842052 470 94162638
197476416 1353 263567385
149609972 981 196760491
24619097 182 34061161
142629198 992 189559044
17768785 143 24378548
153522165 1129 208262879
68289072 406 88915900
225510863 1623 302104443
97179400 683 129489077
38604088 261 51642512
16832376 124 22814912
46455476 285 61772950
209812829 1408 277325215
125403905 859 167407449
243450358 1688 322490881
125499176 861 168380671
25207875 162 32281092
114771092 803 155332750
8985037 69 12316482
218127216 1474 290809241
17995371 116 23396371
191171212 1402 257164283
124450771 830 163299461
109468473 830 149182550
58624139 385 77548492
238138209 1563 316710649
3210394 20 4538660
176443699 1298 235026776
136028971 951 180135623
39029422 246 51218138
2176945 15 2999664
43296691 333 59327990
186866164 1260 251496142
227307507 1609 302087631
13330564 72 17600717
51748656 372 69326568
775896 3 1049531
257066681 1765 344247755
180680623 1273 241487731
152161905 977 201188758
70084479 548 94851663
154049962 1057 206817203
106100 0 159029
57406180 419 77433218
30351878 229 40395688
100225846 660 133439526
202826364 1389 271569382
222667643 1615 300568388
238878327 1671 318608571
70494790 534 93468642
128669261 900 171054779
152634723 1017 200790567
19326161 139 26368656
190465556 1372 253641809
20494192 129 26298293
52546065 336 69782325
141 0 164
170459564 1253 226887487
160226465 1180 213828229
84351941 598 111442059
34177424 249 44980887
121985181 860 165351086
111167176 743 152247120
36315518 231 49345648
7427274 63 10059020
212560270 1446 280709517
93265684 662 123253042
59814094 414 82352621
1831342 14 2359711
247777212 1691 328531429
204863538 1455 273233233
50848720 416 68177009
140225501 901 183267754
82267106 582 108771197
108649954 752 145112797
49692737 401 66064053
229249409 1663 310900867
128426519 912 174170206
194451555 1294 257194458
81078710 577 110276482
125915446 929 171170974
216795900 1500 292743666
1189062 10 1551576
232708279 1633 309262948
119026715 797 154810126
72113453 484 95417900
214638856 1516 284506638
127723234 822 166386008
